<?xml version="1.0" encoding="UTF-8"?>
<!-- Generated by org.testng.reporters.JUnitReportReporter -->
<testsuite hostname="DESKTOP-PA5U02U" failures="0" tests="5" name="RunnerFiles.TestRunner" time="83.045" errors="0" timestamp="2022-03-10T21:55:58 IST" skipped="0">
  <testcase classname="RunnerFiles.TestRunner" name="runScenario" time="29.705"/>
  <system-out/>
  <testcase classname="RunnerFiles.TestRunner" name="runScenario" time="17.826"/>
  <system-out/>
  <testcase classname="RunnerFiles.TestRunner" name="runScenario" time="11.637"/>
  <system-out/>
  <testcase classname="RunnerFiles.TestRunner" name="runScenario" time="13.283"/>
  <system-out/>
  <testcase classname="RunnerFiles.TestRunner" name="runScenario" time="10.594"/>
  <system-out/>
</testsuite> <!-- RunnerFiles.TestRunner -->
